2013/12/07 11:37:39 [error] [php] Declaration of BActiveForm::labelEx() should be compatible with CActiveForm::labelEx($model, $attribute, $htmlOptions = Array) (E:\code\php\myBlog\protected\extensions\bootstrap-theme\widgets\BActiveForm.php:38)
Stack trace:
#0 E:\code\php\yii\framework\web\CWidgetFactory.php(146): import()
#1 E:\code\php\yii\framework\web\CBaseController.php(146): CWidgetFactory->createWidget()
#2 E:\code\php\yii\framework\web\CBaseController.php(189): SiteController->createWidget()
#3 E:\code\php\myBlog\themes\bootstrap\views\site\contact.php(31): SiteController->beginWidget()
#4 E:\code\php\yii\framework\web\CBaseController.php(126): require()
#5 E:\code\php\yii\framework\web\CBaseController.php(95): SiteController->renderInternal()
#6 E:\code\php\yii\framework\web\CController.php(869): SiteController->renderFile()
#7 E:\code\php\yii\framework\web\CController.php(782): SiteController->renderPartial()
#8 E:\code\php\myBlog\protected\controllers\SiteController.php(72): SiteController->render()
#9 E:\code\php\yii\framework\web\actions\CInlineAction.php(49): SiteController->actionContact()
#10 E:\code\php\yii\framework\web\CController.php(308): CInlineAction->runWithParams()
#11 E:\code\php\yii\framework\web\CController.php(286): SiteController->runAction()
#12 E:\code\php\yii\framework\web\CController.php(265): SiteController->runActionWithFilters()
#13 E:\code\php\yii\framework\web\CWebApplication.php(282): SiteController->run()
#14 E:\code\php\yii\framework\web\CWebApplication.php(141): CWebApplication->runController()
#15 E:\code\php\yii\framework\base\CApplication.php(180): CWebApplication->processRequest()
#16 E:\code\php\myBlog\index.php(13): CWebApplication->run()
REQUEST_URI=/myBlog/index.php?r=site/contact
in E:\code\php\myBlog\protected\extensions\bootstrap-theme\widgets\BActiveForm.php (38)
in E:\code\php\myBlog\themes\bootstrap\views\site\contact.php (31)
in E:\code\php\myBlog\protected\controllers\SiteController.php (72)
2013/12/07 11:37:43 [error] [php] Declaration of BActiveForm::labelEx() should be compatible with CActiveForm::labelEx($model, $attribute, $htmlOptions = Array) (E:\code\php\myBlog\protected\extensions\bootstrap-theme\widgets\BActiveForm.php:38)
Stack trace:
#0 E:\code\php\yii\framework\web\CWidgetFactory.php(146): import()
#1 E:\code\php\yii\framework\web\CBaseController.php(146): CWidgetFactory->createWidget()
#2 E:\code\php\yii\framework\web\CBaseController.php(189): SiteController->createWidget()
#3 E:\code\php\myBlog\themes\bootstrap\views\site\login.php(19): SiteController->beginWidget()
#4 E:\code\php\yii\framework\web\CBaseController.php(126): require()
#5 E:\code\php\yii\framework\web\CBaseController.php(95): SiteController->renderInternal()
#6 E:\code\php\yii\framework\web\CController.php(869): SiteController->renderFile()
#7 E:\code\php\yii\framework\web\CController.php(782): SiteController->renderPartial()
#8 E:\code\php\myBlog\protected\controllers\SiteController.php(98): SiteController->render()
#9 E:\code\php\yii\framework\web\actions\CInlineAction.php(49): SiteController->actionLogin()
#10 E:\code\php\yii\framework\web\CController.php(308): CInlineAction->runWithParams()
#11 E:\code\php\yii\framework\web\CController.php(286): SiteController->runAction()
#12 E:\code\php\yii\framework\web\CController.php(265): SiteController->runActionWithFilters()
#13 E:\code\php\yii\framework\web\CWebApplication.php(282): SiteController->run()
#14 E:\code\php\yii\framework\web\CWebApplication.php(141): CWebApplication->runController()
#15 E:\code\php\yii\framework\base\CApplication.php(180): CWebApplication->processRequest()
#16 E:\code\php\myBlog\index.php(13): CWebApplication->run()
REQUEST_URI=/myBlog/index.php?r=site/login
in E:\code\php\myBlog\protected\extensions\bootstrap-theme\widgets\BActiveForm.php (38)
in E:\code\php\myBlog\themes\bootstrap\views\site\login.php (19)
in E:\code\php\myBlog\protected\controllers\SiteController.php (98)
2013/12/07 11:38:02 [error] [php] Declaration of BActiveForm::labelEx() should be compatible with CActiveForm::labelEx($model, $attribute, $htmlOptions = Array) (E:\code\php\myBlog\protected\extensions\bootstrap-theme\widgets\BActiveForm.php:38)
Stack trace:
#0 E:\code\php\yii\framework\web\CWidgetFactory.php(146): import()
#1 E:\code\php\yii\framework\web\CBaseController.php(146): CWidgetFactory->createWidget()
#2 E:\code\php\yii\framework\web\CBaseController.php(189): SiteController->createWidget()
#3 E:\code\php\myBlog\themes\bootstrap\views\site\contact.php(31): SiteController->beginWidget()
#4 E:\code\php\yii\framework\web\CBaseController.php(126): require()
#5 E:\code\php\yii\framework\web\CBaseController.php(95): SiteController->renderInternal()
#6 E:\code\php\yii\framework\web\CController.php(869): SiteController->renderFile()
#7 E:\code\php\yii\framework\web\CController.php(782): SiteController->renderPartial()
#8 E:\code\php\myBlog\protected\controllers\SiteController.php(72): SiteController->render()
#9 E:\code\php\yii\framework\web\actions\CInlineAction.php(49): SiteController->actionContact()
#10 E:\code\php\yii\framework\web\CController.php(308): CInlineAction->runWithParams()
#11 E:\code\php\yii\framework\web\CController.php(286): SiteController->runAction()
#12 E:\code\php\yii\framework\web\CController.php(265): SiteController->runActionWithFilters()
#13 E:\code\php\yii\framework\web\CWebApplication.php(282): SiteController->run()
#14 E:\code\php\yii\framework\web\CWebApplication.php(141): CWebApplication->runController()
#15 E:\code\php\yii\framework\base\CApplication.php(180): CWebApplication->processRequest()
#16 E:\code\php\myBlog\index.php(13): CWebApplication->run()
REQUEST_URI=/myBlog/index.php?r=site/contact
in E:\code\php\myBlog\protected\extensions\bootstrap-theme\widgets\BActiveForm.php (38)
in E:\code\php\myBlog\themes\bootstrap\views\site\contact.php (31)
in E:\code\php\myBlog\protected\controllers\SiteController.php (72)
2013/12/07 11:43:50 [error] [exception.CHttpException.404] exception 'CHttpException' with message 'Unable to resolve the request "".' in E:\code\php\yii\framework\web\CWebApplication.php:286
Stack trace:
#0 E:\code\php\yii\framework\web\CWebApplication.php(141): CWebApplication->runController('')
#1 E:\code\php\yii\framework\base\CApplication.php(180): CWebApplication->processRequest()
#2 E:\code\php\myBlog\index.php(13): CApplication->run()
#3 {main}
REQUEST_URI=/myBlog/index.php
---
2013/12/07 11:43:57 [error] [exception.CHttpException.404] exception 'CHttpException' with message 'Unable to resolve the request "".' in E:\code\php\yii\framework\web\CWebApplication.php:286
Stack trace:
#0 E:\code\php\yii\framework\web\CWebApplication.php(141): CWebApplication->runController('')
#1 E:\code\php\yii\framework\base\CApplication.php(180): CWebApplication->processRequest()
#2 E:\code\php\myBlog\index.php(13): CApplication->run()
#3 {main}
REQUEST_URI=/myBlog/index.php
HTTP_REFERER=http://localhost/myBlog/index.php?r=site/page&view=about
---
2013/12/07 11:44:00 [error] [php] Declaration of BActiveForm::labelEx() should be compatible with CActiveForm::labelEx($model, $attribute, $htmlOptions = Array) (E:\code\php\myBlog\protected\extensions\bootstrap-theme\widgets\BActiveForm.php:38)
Stack trace:
#0 E:\code\php\yii\framework\web\CWidgetFactory.php(146): import()
#1 E:\code\php\yii\framework\web\CBaseController.php(146): CWidgetFactory->createWidget()
#2 E:\code\php\yii\framework\web\CBaseController.php(189): SiteController->createWidget()
#3 E:\code\php\myBlog\themes\bootstrap\views\site\contact.php(31): SiteController->beginWidget()
#4 E:\code\php\yii\framework\web\CBaseController.php(126): require()
#5 E:\code\php\yii\framework\web\CBaseController.php(95): SiteController->renderInternal()
#6 E:\code\php\yii\framework\web\CController.php(869): SiteController->renderFile()
#7 E:\code\php\yii\framework\web\CController.php(782): SiteController->renderPartial()
#8 E:\code\php\myBlog\protected\controllers\SiteController.php(72): SiteController->render()
#9 E:\code\php\yii\framework\web\actions\CInlineAction.php(49): SiteController->actionContact()
#10 E:\code\php\yii\framework\web\CController.php(308): CInlineAction->runWithParams()
#11 E:\code\php\yii\framework\web\CController.php(286): SiteController->runAction()
#12 E:\code\php\yii\framework\web\CController.php(265): SiteController->runActionWithFilters()
#13 E:\code\php\yii\framework\web\CWebApplication.php(282): SiteController->run()
#14 E:\code\php\yii\framework\web\CWebApplication.php(141): CWebApplication->runController()
#15 E:\code\php\yii\framework\base\CApplication.php(180): CWebApplication->processRequest()
#16 E:\code\php\myBlog\index.php(13): CWebApplication->run()
REQUEST_URI=/myBlog/index.php?r=site/contact
in E:\code\php\myBlog\protected\extensions\bootstrap-theme\widgets\BActiveForm.php (38)
in E:\code\php\myBlog\themes\bootstrap\views\site\contact.php (31)
in E:\code\php\myBlog\protected\controllers\SiteController.php (72)
2013/12/07 11:44:10 [error] [exception.CHttpException.404] exception 'CHttpException' with message 'Unable to resolve the request "".' in E:\code\php\yii\framework\web\CWebApplication.php:286
Stack trace:
#0 E:\code\php\yii\framework\web\CWebApplication.php(141): CWebApplication->runController('')
#1 E:\code\php\yii\framework\base\CApplication.php(180): CWebApplication->processRequest()
#2 E:\code\php\myBlog\index.php(13): CApplication->run()
#3 {main}
REQUEST_URI=/myBlog/index.php
HTTP_REFERER=http://localhost/myBlog/index.php?r=site/page&view=about
---
2013/12/07 11:44:12 [error] [php] Declaration of BActiveForm::labelEx() should be compatible with CActiveForm::labelEx($model, $attribute, $htmlOptions = Array) (E:\code\php\myBlog\protected\extensions\bootstrap-theme\widgets\BActiveForm.php:38)
Stack trace:
#0 E:\code\php\yii\framework\web\CWidgetFactory.php(146): import()
#1 E:\code\php\yii\framework\web\CBaseController.php(146): CWidgetFactory->createWidget()
#2 E:\code\php\yii\framework\web\CBaseController.php(189): SiteController->createWidget()
#3 E:\code\php\myBlog\themes\bootstrap\views\site\contact.php(31): SiteController->beginWidget()
#4 E:\code\php\yii\framework\web\CBaseController.php(126): require()
#5 E:\code\php\yii\framework\web\CBaseController.php(95): SiteController->renderInternal()
#6 E:\code\php\yii\framework\web\CController.php(869): SiteController->renderFile()
#7 E:\code\php\yii\framework\web\CController.php(782): SiteController->renderPartial()
#8 E:\code\php\myBlog\protected\controllers\SiteController.php(72): SiteController->render()
#9 E:\code\php\yii\framework\web\actions\CInlineAction.php(49): SiteController->actionContact()
#10 E:\code\php\yii\framework\web\CController.php(308): CInlineAction->runWithParams()
#11 E:\code\php\yii\framework\web\CController.php(286): SiteController->runAction()
#12 E:\code\php\yii\framework\web\CController.php(265): SiteController->runActionWithFilters()
#13 E:\code\php\yii\framework\web\CWebApplication.php(282): SiteController->run()
#14 E:\code\php\yii\framework\web\CWebApplication.php(141): CWebApplication->runController()
#15 E:\code\php\yii\framework\base\CApplication.php(180): CWebApplication->processRequest()
#16 E:\code\php\myBlog\index.php(13): CWebApplication->run()
REQUEST_URI=/myBlog/index.php?r=site/contact
in E:\code\php\myBlog\protected\extensions\bootstrap-theme\widgets\BActiveForm.php (38)
in E:\code\php\myBlog\themes\bootstrap\views\site\contact.php (31)
in E:\code\php\myBlog\protected\controllers\SiteController.php (72)
2013/12/07 11:47:41 [error] [php] Declaration of BActiveForm::labelEx() should be compatible with CActiveForm::labelEx($model, $attribute, $htmlOptions = Array) (E:\code\php\myBlog\protected\extensions\bootstrap-theme\widgets\BActiveForm.php:38)
Stack trace:
#0 E:\code\php\yii\framework\web\CWidgetFactory.php(146): import()
#1 E:\code\php\yii\framework\web\CBaseController.php(146): CWidgetFactory->createWidget()
#2 E:\code\php\yii\framework\web\CBaseController.php(189): SiteController->createWidget()
#3 E:\code\php\myBlog\themes\bootstrap\views\site\contact.php(31): SiteController->beginWidget()
#4 E:\code\php\yii\framework\web\CBaseController.php(126): require()
#5 E:\code\php\yii\framework\web\CBaseController.php(95): SiteController->renderInternal()
#6 E:\code\php\yii\framework\web\CController.php(869): SiteController->renderFile()
#7 E:\code\php\yii\framework\web\CController.php(782): SiteController->renderPartial()
#8 E:\code\php\myBlog\protected\controllers\SiteController.php(72): SiteController->render()
#9 E:\code\php\yii\framework\web\actions\CInlineAction.php(49): SiteController->actionContact()
#10 E:\code\php\yii\framework\web\CController.php(308): CInlineAction->runWithParams()
#11 E:\code\php\yii\framework\web\CController.php(286): SiteController->runAction()
#12 E:\code\php\yii\framework\web\CController.php(265): SiteController->runActionWithFilters()
#13 E:\code\php\yii\framework\web\CWebApplication.php(282): SiteController->run()
#14 E:\code\php\yii\framework\web\CWebApplication.php(141): CWebApplication->runController()
#15 E:\code\php\yii\framework\base\CApplication.php(180): CWebApplication->processRequest()
#16 E:\code\php\myBlog\index.php(13): CWebApplication->run()
REQUEST_URI=/myblog/index.php?r=site/contact
in E:\code\php\myBlog\protected\extensions\bootstrap-theme\widgets\BActiveForm.php (38)
in E:\code\php\myBlog\themes\bootstrap\views\site\contact.php (31)
in E:\code\php\myBlog\protected\controllers\SiteController.php (72)
2013/12/07 11:49:39 [error] [php] Declaration of BActiveForm::labelEx() should be compatible with CActiveForm::labelEx($model, $attribute, $htmlOptions = Array) (E:\code\php\myBlog\protected\extensions\bootstrap-theme\widgets\BActiveForm.php:38)
Stack trace:
#0 E:\code\php\yii\framework\web\CWidgetFactory.php(146): import()
#1 E:\code\php\yii\framework\web\CBaseController.php(146): CWidgetFactory->createWidget()
#2 E:\code\php\yii\framework\web\CBaseController.php(189): SiteController->createWidget()
#3 E:\code\php\myBlog\themes\bootstrap\views\site\contact.php(31): SiteController->beginWidget()
#4 E:\code\php\yii\framework\web\CBaseController.php(126): require()
#5 E:\code\php\yii\framework\web\CBaseController.php(95): SiteController->renderInternal()
#6 E:\code\php\yii\framework\web\CController.php(869): SiteController->renderFile()
#7 E:\code\php\yii\framework\web\CController.php(782): SiteController->renderPartial()
#8 E:\code\php\myBlog\protected\controllers\SiteController.php(72): SiteController->render()
#9 E:\code\php\yii\framework\web\actions\CInlineAction.php(49): SiteController->actionContact()
#10 E:\code\php\yii\framework\web\CController.php(308): CInlineAction->runWithParams()
#11 E:\code\php\yii\framework\web\CController.php(286): SiteController->runAction()
#12 E:\code\php\yii\framework\web\CController.php(265): SiteController->runActionWithFilters()
#13 E:\code\php\yii\framework\web\CWebApplication.php(282): SiteController->run()
#14 E:\code\php\yii\framework\web\CWebApplication.php(141): CWebApplication->runController()
#15 E:\code\php\yii\framework\base\CApplication.php(180): CWebApplication->processRequest()
#16 E:\code\php\myBlog\index.php(13): CWebApplication->run()
REQUEST_URI=/myblog/index.php?r=site/contact
in E:\code\php\myBlog\protected\extensions\bootstrap-theme\widgets\BActiveForm.php (38)
in E:\code\php\myBlog\themes\bootstrap\views\site\contact.php (31)
in E:\code\php\myBlog\protected\controllers\SiteController.php (72)
2013/12/07 11:54:35 [error] [php] Declaration of BActiveForm::checkBox() should be compatible with CActiveForm::checkBox($model, $attribute, $htmlOptions = Array) (E:\code\php\myBlog\protected\extensions\bootstrap-theme\widgets\BActiveForm.php:38)
Stack trace:
#0 E:\code\php\yii\framework\web\CWidgetFactory.php(146): import()
#1 E:\code\php\yii\framework\web\CBaseController.php(146): CWidgetFactory->createWidget()
#2 E:\code\php\yii\framework\web\CBaseController.php(189): SiteController->createWidget()
#3 E:\code\php\myBlog\themes\bootstrap\views\site\contact.php(31): SiteController->beginWidget()
#4 E:\code\php\yii\framework\web\CBaseController.php(126): require()
#5 E:\code\php\yii\framework\web\CBaseController.php(95): SiteController->renderInternal()
#6 E:\code\php\yii\framework\web\CController.php(869): SiteController->renderFile()
#7 E:\code\php\yii\framework\web\CController.php(782): SiteController->renderPartial()
#8 E:\code\php\myBlog\protected\controllers\SiteController.php(72): SiteController->render()
#9 E:\code\php\yii\framework\web\actions\CInlineAction.php(49): SiteController->actionContact()
#10 E:\code\php\yii\framework\web\CController.php(308): CInlineAction->runWithParams()
#11 E:\code\php\yii\framework\web\CController.php(286): SiteController->runAction()
#12 E:\code\php\yii\framework\web\CController.php(265): SiteController->runActionWithFilters()
#13 E:\code\php\yii\framework\web\CWebApplication.php(282): SiteController->run()
#14 E:\code\php\yii\framework\web\CWebApplication.php(141): CWebApplication->runController()
#15 E:\code\php\yii\framework\base\CApplication.php(180): CWebApplication->processRequest()
#16 E:\code\php\myBlog\index.php(13): CWebApplication->run()
REQUEST_URI=/myblog/index.php?r=site/contact
in E:\code\php\myBlog\protected\extensions\bootstrap-theme\widgets\BActiveForm.php (38)
in E:\code\php\myBlog\themes\bootstrap\views\site\contact.php (31)
in E:\code\php\myBlog\protected\controllers\SiteController.php (72)
2013/12/07 11:54:36 [error] [php] Declaration of BActiveForm::checkBox() should be compatible with CActiveForm::checkBox($model, $attribute, $htmlOptions = Array) (E:\code\php\myBlog\protected\extensions\bootstrap-theme\widgets\BActiveForm.php:38)
Stack trace:
#0 E:\code\php\yii\framework\web\CWidgetFactory.php(146): import()
#1 E:\code\php\yii\framework\web\CBaseController.php(146): CWidgetFactory->createWidget()
#2 E:\code\php\yii\framework\web\CBaseController.php(189): SiteController->createWidget()
#3 E:\code\php\myBlog\themes\bootstrap\views\site\contact.php(31): SiteController->beginWidget()
#4 E:\code\php\yii\framework\web\CBaseController.php(126): require()
#5 E:\code\php\yii\framework\web\CBaseController.php(95): SiteController->renderInternal()
#6 E:\code\php\yii\framework\web\CController.php(869): SiteController->renderFile()
#7 E:\code\php\yii\framework\web\CController.php(782): SiteController->renderPartial()
#8 E:\code\php\myBlog\protected\controllers\SiteController.php(72): SiteController->render()
#9 E:\code\php\yii\framework\web\actions\CInlineAction.php(49): SiteController->actionContact()
#10 E:\code\php\yii\framework\web\CController.php(308): CInlineAction->runWithParams()
#11 E:\code\php\yii\framework\web\CController.php(286): SiteController->runAction()
#12 E:\code\php\yii\framework\web\CController.php(265): SiteController->runActionWithFilters()
#13 E:\code\php\yii\framework\web\CWebApplication.php(282): SiteController->run()
#14 E:\code\php\yii\framework\web\CWebApplication.php(141): CWebApplication->runController()
#15 E:\code\php\yii\framework\base\CApplication.php(180): CWebApplication->processRequest()
#16 E:\code\php\myBlog\index.php(13): CWebApplication->run()
REQUEST_URI=/myblog/index.php?r=site/contact
in E:\code\php\myBlog\protected\extensions\bootstrap-theme\widgets\BActiveForm.php (38)
in E:\code\php\myBlog\themes\bootstrap\views\site\contact.php (31)
in E:\code\php\myBlog\protected\controllers\SiteController.php (72)
2013/12/07 11:54:36 [error] [php] Declaration of BActiveForm::checkBox() should be compatible with CActiveForm::checkBox($model, $attribute, $htmlOptions = Array) (E:\code\php\myBlog\protected\extensions\bootstrap-theme\widgets\BActiveForm.php:38)
Stack trace:
#0 E:\code\php\yii\framework\web\CWidgetFactory.php(146): import()
#1 E:\code\php\yii\framework\web\CBaseController.php(146): CWidgetFactory->createWidget()
#2 E:\code\php\yii\framework\web\CBaseController.php(189): SiteController->createWidget()
#3 E:\code\php\myBlog\themes\bootstrap\views\site\contact.php(31): SiteController->beginWidget()
#4 E:\code\php\yii\framework\web\CBaseController.php(126): require()
#5 E:\code\php\yii\framework\web\CBaseController.php(95): SiteController->renderInternal()
#6 E:\code\php\yii\framework\web\CController.php(869): SiteController->renderFile()
#7 E:\code\php\yii\framework\web\CController.php(782): SiteController->renderPartial()
#8 E:\code\php\myBlog\protected\controllers\SiteController.php(72): SiteController->render()
#9 E:\code\php\yii\framework\web\actions\CInlineAction.php(49): SiteController->actionContact()
#10 E:\code\php\yii\framework\web\CController.php(308): CInlineAction->runWithParams()
#11 E:\code\php\yii\framework\web\CController.php(286): SiteController->runAction()
#12 E:\code\php\yii\framework\web\CController.php(265): SiteController->runActionWithFilters()
#13 E:\code\php\yii\framework\web\CWebApplication.php(282): SiteController->run()
#14 E:\code\php\yii\framework\web\CWebApplication.php(141): CWebApplication->runController()
#15 E:\code\php\yii\framework\base\CApplication.php(180): CWebApplication->processRequest()
#16 E:\code\php\myBlog\index.php(13): CWebApplication->run()
REQUEST_URI=/myblog/index.php?r=site/contact
in E:\code\php\myBlog\protected\extensions\bootstrap-theme\widgets\BActiveForm.php (38)
in E:\code\php\myBlog\themes\bootstrap\views\site\contact.php (31)
in E:\code\php\myBlog\protected\controllers\SiteController.php (72)
2013/12/07 11:54:36 [error] [php] Declaration of BActiveForm::checkBox() should be compatible with CActiveForm::checkBox($model, $attribute, $htmlOptions = Array) (E:\code\php\myBlog\protected\extensions\bootstrap-theme\widgets\BActiveForm.php:38)
Stack trace:
#0 E:\code\php\yii\framework\web\CWidgetFactory.php(146): import()
#1 E:\code\php\yii\framework\web\CBaseController.php(146): CWidgetFactory->createWidget()
#2 E:\code\php\yii\framework\web\CBaseController.php(189): SiteController->createWidget()
#3 E:\code\php\myBlog\themes\bootstrap\views\site\contact.php(31): SiteController->beginWidget()
#4 E:\code\php\yii\framework\web\CBaseController.php(126): require()
#5 E:\code\php\yii\framework\web\CBaseController.php(95): SiteController->renderInternal()
#6 E:\code\php\yii\framework\web\CController.php(869): SiteController->renderFile()
#7 E:\code\php\yii\framework\web\CController.php(782): SiteController->renderPartial()
#8 E:\code\php\myBlog\protected\controllers\SiteController.php(72): SiteController->render()
#9 E:\code\php\yii\framework\web\actions\CInlineAction.php(49): SiteController->actionContact()
#10 E:\code\php\yii\framework\web\CController.php(308): CInlineAction->runWithParams()
#11 E:\code\php\yii\framework\web\CController.php(286): SiteController->runAction()
#12 E:\code\php\yii\framework\web\CController.php(265): SiteController->runActionWithFilters()
#13 E:\code\php\yii\framework\web\CWebApplication.php(282): SiteController->run()
#14 E:\code\php\yii\framework\web\CWebApplication.php(141): CWebApplication->runController()
#15 E:\code\php\yii\framework\base\CApplication.php(180): CWebApplication->processRequest()
#16 E:\code\php\myBlog\index.php(13): CWebApplication->run()
REQUEST_URI=/myblog/index.php?r=site/contact
in E:\code\php\myBlog\protected\extensions\bootstrap-theme\widgets\BActiveForm.php (38)
in E:\code\php\myBlog\themes\bootstrap\views\site\contact.php (31)
in E:\code\php\myBlog\protected\controllers\SiteController.php (72)
2013/12/07 12:00:10 [error] [exception.CHttpException.404] exception 'CHttpException' with message 'Unable to resolve the request "".' in E:\code\php\yii\framework\web\CWebApplication.php:286
Stack trace:
#0 E:\code\php\yii\framework\web\CWebApplication.php(141): CWebApplication->runController('')
#1 E:\code\php\yii\framework\base\CApplication.php(180): CWebApplication->processRequest()
#2 E:\code\php\myBlog\index.php(13): CApplication->run()
#3 {main}
REQUEST_URI=/myblog/
---
